Running job on host hpc3-17-15
no change     /opt/apps/miniconda3/4.8.5/condabin/conda
no change     /opt/apps/miniconda3/4.8.5/bin/conda
no change     /opt/apps/miniconda3/4.8.5/bin/conda-env
no change     /opt/apps/miniconda3/4.8.5/bin/activate
no change     /opt/apps/miniconda3/4.8.5/bin/deactivate
no change     /opt/apps/miniconda3/4.8.5/etc/profile.d/conda.sh
no change     /opt/apps/miniconda3/4.8.5/etc/fish/conf.d/conda.fish
no change     /opt/apps/miniconda3/4.8.5/shell/condabin/Conda.psm1
no change     /opt/apps/miniconda3/4.8.5/shell/condabin/conda-hook.ps1
no change     /opt/apps/miniconda3/4.8.5/lib/python3.8/site-packages/xontrib/conda.xsh
no change     /opt/apps/miniconda3/4.8.5/etc/profile.d/conda.csh
no change     /data/homezvol0/nimel/.bashrc
No action taken.
python src/setup.py "$@"
[2023-10-03 12:29:14,112][HYDRA] Launching 6 jobs locally
[2023-10-03 12:29:14,112][HYDRA] 	#0 : game.universe=100 game.num_signals=100 game.meaning_dist_gamma=-3
[2023-10-03 12:29:15,092][HYDRA] 	#1 : game.universe=100 game.num_signals=100 game.meaning_dist_gamma=-2
[2023-10-03 12:29:15,958][HYDRA] 	#2 : game.universe=100 game.num_signals=100 game.meaning_dist_gamma=-1
[2023-10-03 12:29:16,750][HYDRA] 	#3 : game.universe=100 game.num_signals=100 game.meaning_dist_gamma=0
[2023-10-03 12:29:17,415][HYDRA] 	#4 : game.universe=100 game.num_signals=100 game.meaning_dist_gamma=1
[2023-10-03 12:29:18,083][HYDRA] 	#5 : game.universe=100 game.num_signals=100 game.meaning_dist_gamma=2
python src/curve.py "$@"
[2023-10-03 12:29:23,939][HYDRA] Launching 6 jobs locally
[2023-10-03 12:29:23,939][HYDRA] 	#0 : game.universe=100 game.num_signals=100 game.meaning_dist_gamma=-3
data found, skipping ib curve estimation.
data found, skipping mse curve estimation
data found, skipping curve metadata save.
[2023-10-03 12:29:24,596][HYDRA] 	#1 : game.universe=100 game.num_signals=100 game.meaning_dist_gamma=-2
data found, skipping ib curve estimation.
data found, skipping mse curve estimation
data found, skipping curve metadata save.
[2023-10-03 12:29:25,204][HYDRA] 	#2 : game.universe=100 game.num_signals=100 game.meaning_dist_gamma=-1
data found, skipping ib curve estimation.
data found, skipping mse curve estimation
data found, skipping curve metadata save.
[2023-10-03 12:29:25,789][HYDRA] 	#3 : game.universe=100 game.num_signals=100 game.meaning_dist_gamma=0
data found, skipping ib curve estimation.
data found, skipping mse curve estimation
data found, skipping curve metadata save.
[2023-10-03 12:29:26,395][HYDRA] 	#4 : game.universe=100 game.num_signals=100 game.meaning_dist_gamma=1
data found, skipping ib curve estimation.
data found, skipping mse curve estimation
data found, skipping curve metadata save.
[2023-10-03 12:29:26,992][HYDRA] 	#5 : game.universe=100 game.num_signals=100 game.meaning_dist_gamma=2
data found, skipping ib curve estimation.
data found, skipping mse curve estimation
data found, skipping curve metadata save.
python src/run_simulations.py "$@"
[2023-10-03 12:29:32,631][HYDRA] Launching 6 jobs locally
[2023-10-03 12:29:32,631][HYDRA] 	#0 : game.universe=100 game.num_signals=100 game.meaning_dist_gamma=-3
Saved 1 language points to /dfs6/pub/nimel/projects/ibsg/multirun/universe=100/num_signals=100/prior=-8/dist=squared_dist/meaning_certainty=-3/dynamics=replicator_diffusion/ii=0/discr_need=1.0/population_init=-8/population_size=None/num_runs=1/seed=42/simulation_points.csv
Saved 1 encoders to /dfs6/pub/nimel/projects/ibsg/multirun/universe=100/num_signals=100/prior=-8/dist=squared_dist/meaning_certainty=-3/dynamics=replicator_diffusion/ii=0/discr_need=1.0/population_init=-8/population_size=None/num_runs=1/seed=42/final_encoders.pt
Saved 200 language points to /dfs6/pub/nimel/projects/ibsg/multirun/universe=100/num_signals=100/prior=-8/dist=squared_dist/meaning_certainty=-3/dynamics=replicator_diffusion/ii=0/discr_need=1.0/population_init=-8/population_size=None/num_runs=1/seed=42/trajectory_points.csv
[2023-10-03 12:29:36,008][HYDRA] 	#1 : game.universe=100 game.num_signals=100 game.meaning_dist_gamma=-2
Saved 1 language points to /dfs6/pub/nimel/projects/ibsg/multirun/universe=100/num_signals=100/prior=-8/dist=squared_dist/meaning_certainty=-2/dynamics=replicator_diffusion/ii=0/discr_need=1.0/population_init=-8/population_size=None/num_runs=1/seed=42/simulation_points.csv
Saved 1 encoders to /dfs6/pub/nimel/projects/ibsg/multirun/universe=100/num_signals=100/prior=-8/dist=squared_dist/meaning_certainty=-2/dynamics=replicator_diffusion/ii=0/discr_need=1.0/population_init=-8/population_size=None/num_runs=1/seed=42/final_encoders.pt
Saved 200 language points to /dfs6/pub/nimel/projects/ibsg/multirun/universe=100/num_signals=100/prior=-8/dist=squared_dist/meaning_certainty=-2/dynamics=replicator_diffusion/ii=0/discr_need=1.0/population_init=-8/population_size=None/num_runs=1/seed=42/trajectory_points.csv
[2023-10-03 12:29:39,289][HYDRA] 	#2 : game.universe=100 game.num_signals=100 game.meaning_dist_gamma=-1
Saved 1 language points to /dfs6/pub/nimel/projects/ibsg/multirun/universe=100/num_signals=100/prior=-8/dist=squared_dist/meaning_certainty=-1/dynamics=replicator_diffusion/ii=0/discr_need=1.0/population_init=-8/population_size=None/num_runs=1/seed=42/simulation_points.csv
Saved 1 encoders to /dfs6/pub/nimel/projects/ibsg/multirun/universe=100/num_signals=100/prior=-8/dist=squared_dist/meaning_certainty=-1/dynamics=replicator_diffusion/ii=0/discr_need=1.0/population_init=-8/population_size=None/num_runs=1/seed=42/final_encoders.pt
Saved 200 language points to /dfs6/pub/nimel/projects/ibsg/multirun/universe=100/num_signals=100/prior=-8/dist=squared_dist/meaning_certainty=-1/dynamics=replicator_diffusion/ii=0/discr_need=1.0/population_init=-8/population_size=None/num_runs=1/seed=42/trajectory_points.csv
[2023-10-03 12:29:42,623][HYDRA] 	#3 : game.universe=100 game.num_signals=100 game.meaning_dist_gamma=0
Saved 1 language points to /dfs6/pub/nimel/projects/ibsg/multirun/universe=100/num_signals=100/prior=-8/dist=squared_dist/meaning_certainty=0/dynamics=replicator_diffusion/ii=0/discr_need=1.0/population_init=-8/population_size=None/num_runs=1/seed=42/simulation_points.csv
Saved 1 encoders to /dfs6/pub/nimel/projects/ibsg/multirun/universe=100/num_signals=100/prior=-8/dist=squared_dist/meaning_certainty=0/dynamics=replicator_diffusion/ii=0/discr_need=1.0/population_init=-8/population_size=None/num_runs=1/seed=42/final_encoders.pt
Saved 200 language points to /dfs6/pub/nimel/projects/ibsg/multirun/universe=100/num_signals=100/prior=-8/dist=squared_dist/meaning_certainty=0/dynamics=replicator_diffusion/ii=0/discr_need=1.0/population_init=-8/population_size=None/num_runs=1/seed=42/trajectory_points.csv
[2023-10-03 12:29:45,880][HYDRA] 	#4 : game.universe=100 game.num_signals=100 game.meaning_dist_gamma=1
Saved 1 language points to /dfs6/pub/nimel/projects/ibsg/multirun/universe=100/num_signals=100/prior=-8/dist=squared_dist/meaning_certainty=1/dynamics=replicator_diffusion/ii=0/discr_need=1.0/population_init=-8/population_size=None/num_runs=1/seed=42/simulation_points.csv
Saved 1 encoders to /dfs6/pub/nimel/projects/ibsg/multirun/universe=100/num_signals=100/prior=-8/dist=squared_dist/meaning_certainty=1/dynamics=replicator_diffusion/ii=0/discr_need=1.0/population_init=-8/population_size=None/num_runs=1/seed=42/final_encoders.pt
Saved 200 language points to /dfs6/pub/nimel/projects/ibsg/multirun/universe=100/num_signals=100/prior=-8/dist=squared_dist/meaning_certainty=1/dynamics=replicator_diffusion/ii=0/discr_need=1.0/population_init=-8/population_size=None/num_runs=1/seed=42/trajectory_points.csv
[2023-10-03 12:29:48,950][HYDRA] 	#5 : game.universe=100 game.num_signals=100 game.meaning_dist_gamma=2
Saved 1 language points to /dfs6/pub/nimel/projects/ibsg/multirun/universe=100/num_signals=100/prior=-8/dist=squared_dist/meaning_certainty=2/dynamics=replicator_diffusion/ii=0/discr_need=1.0/population_init=-8/population_size=None/num_runs=1/seed=42/simulation_points.csv
Saved 1 encoders to /dfs6/pub/nimel/projects/ibsg/multirun/universe=100/num_signals=100/prior=-8/dist=squared_dist/meaning_certainty=2/dynamics=replicator_diffusion/ii=0/discr_need=1.0/population_init=-8/population_size=None/num_runs=1/seed=42/final_encoders.pt
Saved 200 language points to /dfs6/pub/nimel/projects/ibsg/multirun/universe=100/num_signals=100/prior=-8/dist=squared_dist/meaning_certainty=2/dynamics=replicator_diffusion/ii=0/discr_need=1.0/population_init=-8/population_size=None/num_runs=1/seed=42/trajectory_points.csv
python src/measure.py "$@"
[2023-10-03 12:29:56,570][HYDRA] Launching 6 jobs locally
[2023-10-03 12:29:56,570][HYDRA] 	#0 : game.universe=100 game.num_signals=100 game.meaning_dist_gamma=-3
Saved tensor of torch.Size([1, 100, 100]) to /dfs6/pub/nimel/projects/ibsg/multirun/universe=100/num_signals=100/prior=-8/dist=squared_dist/meaning_certainty=-3/dynamics=replicator_diffusion/ii=0/discr_need=1.0/population_init=-8/population_size=None/num_runs=1/seed=42/nearest_optimal_encoders.pt
Saved 1 language points to /dfs6/pub/nimel/projects/ibsg/multirun/universe=100/num_signals=100/prior=-8/dist=squared_dist/meaning_certainty=-3/dynamics=replicator_diffusion/ii=0/discr_need=1.0/population_init=-8/population_size=None/num_runs=1/seed=42/simulation_points.csv
Saved 1 language points to /dfs6/pub/nimel/projects/ibsg/multirun/universe=100/num_signals=100/prior=-8/dist=squared_dist/meaning_certainty=-3/dynamics=replicator_diffusion/ii=0/discr_need=1.0/population_init=-8/population_size=None/num_runs=1/seed=42/nearest_optimal_points.csv
Saved a plot to gnid_encoder_1.png
[2023-10-03 12:30:00,781][HYDRA] 	#1 : game.universe=100 game.num_signals=100 game.meaning_dist_gamma=-2
Saved tensor of torch.Size([1, 100, 100]) to /dfs6/pub/nimel/projects/ibsg/multirun/universe=100/num_signals=100/prior=-8/dist=squared_dist/meaning_certainty=-2/dynamics=replicator_diffusion/ii=0/discr_need=1.0/population_init=-8/population_size=None/num_runs=1/seed=42/nearest_optimal_encoders.pt
Saved 1 language points to /dfs6/pub/nimel/projects/ibsg/multirun/universe=100/num_signals=100/prior=-8/dist=squared_dist/meaning_certainty=-2/dynamics=replicator_diffusion/ii=0/discr_need=1.0/population_init=-8/population_size=None/num_runs=1/seed=42/simulation_points.csv
Saved 1 language points to /dfs6/pub/nimel/projects/ibsg/multirun/universe=100/num_signals=100/prior=-8/dist=squared_dist/meaning_certainty=-2/dynamics=replicator_diffusion/ii=0/discr_need=1.0/population_init=-8/population_size=None/num_runs=1/seed=42/nearest_optimal_points.csv
Saved a plot to gnid_encoder_1.png
[2023-10-03 12:30:05,204][HYDRA] 	#2 : game.universe=100 game.num_signals=100 game.meaning_dist_gamma=-1
Saved tensor of torch.Size([1, 100, 100]) to /dfs6/pub/nimel/projects/ibsg/multirun/universe=100/num_signals=100/prior=-8/dist=squared_dist/meaning_certainty=-1/dynamics=replicator_diffusion/ii=0/discr_need=1.0/population_init=-8/population_size=None/num_runs=1/seed=42/nearest_optimal_encoders.pt
Saved 1 language points to /dfs6/pub/nimel/projects/ibsg/multirun/universe=100/num_signals=100/prior=-8/dist=squared_dist/meaning_certainty=-1/dynamics=replicator_diffusion/ii=0/discr_need=1.0/population_init=-8/population_size=None/num_runs=1/seed=42/simulation_points.csv
Saved 1 language points to /dfs6/pub/nimel/projects/ibsg/multirun/universe=100/num_signals=100/prior=-8/dist=squared_dist/meaning_certainty=-1/dynamics=replicator_diffusion/ii=0/discr_need=1.0/population_init=-8/population_size=None/num_runs=1/seed=42/nearest_optimal_points.csv
Saved a plot to gnid_encoder_1.png
[2023-10-03 12:30:09,361][HYDRA] 	#3 : game.universe=100 game.num_signals=100 game.meaning_dist_gamma=0
[2023-10-03 12:30:09,978][HYDRA] 	#4 : game.universe=100 game.num_signals=100 game.meaning_dist_gamma=1
Saved tensor of torch.Size([1, 100, 100]) to /dfs6/pub/nimel/projects/ibsg/multirun/universe=100/num_signals=100/prior=-8/dist=squared_dist/meaning_certainty=1/dynamics=replicator_diffusion/ii=0/discr_need=1.0/population_init=-8/population_size=None/num_runs=1/seed=42/nearest_optimal_encoders.pt
Saved 1 language points to /dfs6/pub/nimel/projects/ibsg/multirun/universe=100/num_signals=100/prior=-8/dist=squared_dist/meaning_certainty=1/dynamics=replicator_diffusion/ii=0/discr_need=1.0/population_init=-8/population_size=None/num_runs=1/seed=42/simulation_points.csv
Saved 1 language points to /dfs6/pub/nimel/projects/ibsg/multirun/universe=100/num_signals=100/prior=-8/dist=squared_dist/meaning_certainty=1/dynamics=replicator_diffusion/ii=0/discr_need=1.0/population_init=-8/population_size=None/num_runs=1/seed=42/nearest_optimal_points.csv
Saved a plot to gnid_encoder_1.png
[2023-10-03 12:30:12,836][HYDRA] 	#5 : game.universe=100 game.num_signals=100 game.meaning_dist_gamma=2
Saved tensor of torch.Size([1, 100, 100]) to /dfs6/pub/nimel/projects/ibsg/multirun/universe=100/num_signals=100/prior=-8/dist=squared_dist/meaning_certainty=2/dynamics=replicator_diffusion/ii=0/discr_need=1.0/population_init=-8/population_size=None/num_runs=1/seed=42/nearest_optimal_encoders.pt
Saved 1 language points to /dfs6/pub/nimel/projects/ibsg/multirun/universe=100/num_signals=100/prior=-8/dist=squared_dist/meaning_certainty=2/dynamics=replicator_diffusion/ii=0/discr_need=1.0/population_init=-8/population_size=None/num_runs=1/seed=42/simulation_points.csv
Saved 1 language points to /dfs6/pub/nimel/projects/ibsg/multirun/universe=100/num_signals=100/prior=-8/dist=squared_dist/meaning_certainty=2/dynamics=replicator_diffusion/ii=0/discr_need=1.0/population_init=-8/population_size=None/num_runs=1/seed=42/nearest_optimal_points.csv
Saved a plot to gnid_encoder_1.png
python src/plot.py "$@"
[2023-10-03 12:30:19,498][HYDRA] Launching 6 jobs locally
[2023-10-03 12:30:19,498][HYDRA] 	#0 : game.universe=100 game.num_signals=100 game.meaning_dist_gamma=-3
Saved a plot to /dfs6/pub/nimel/projects/ibsg/multirun/universe=100/num_signals=100/prior=-8/dist=squared_dist/meaning_certainty=-3/dynamics=replicator_diffusion/ii=0/discr_need=1.0/population_init=-8/population_size=None/num_runs=1/seed=42/complexity_accuracy.png
[2023-10-03 12:30:20,775][matplotlib.mathtext][INFO] - Substituting symbol E from STIXNonUnicode
[2023-10-03 12:30:20,874][matplotlib.mathtext][INFO] - Substituting symbol E from STIXNonUnicode
Saved a plot to /dfs6/pub/nimel/projects/ibsg/multirun/universe=100/num_signals=100/prior=-8/dist=squared_dist/meaning_certainty=-3/dynamics=replicator_diffusion/ii=0/discr_need=1.0/population_init=-8/population_size=None/num_runs=1/seed=42/complexity_distortion.png
[2023-10-03 12:30:21,471][matplotlib.mathtext][INFO] - Substituting symbol E from STIXNonUnicode
[2023-10-03 12:30:21,556][matplotlib.mathtext][INFO] - Substituting symbol E from STIXNonUnicode
Saved a plot to /dfs6/pub/nimel/projects/ibsg/multirun/universe=100/num_signals=100/prior=-8/dist=squared_dist/meaning_certainty=-3/dynamics=replicator_diffusion/ii=0/discr_need=1.0/population_init=-8/population_size=None/num_runs=1/seed=42/complexity_mse.png
Saved a plot to /dfs6/pub/nimel/projects/ibsg/multirun/universe=100/num_signals=100/prior=-8/dist=squared_dist/meaning_certainty=-3/dynamics=replicator_diffusion/ii=0/discr_need=1.0/population_init=-8/population_size=None/num_runs=1/seed=42/encoder_tile_plots/run_1.png
Saved a plot to /dfs6/pub/nimel/projects/ibsg/multirun/universe=100/num_signals=100/prior=-8/dist=squared_dist/meaning_certainty=-3/dynamics=replicator_diffusion/ii=0/discr_need=1.0/population_init=-8/population_size=None/num_runs=1/seed=42/encoder_line_plots/run_1.png
Saved a plot to /dfs6/pub/nimel/projects/ibsg/multirun/universe=100/num_signals=100/prior=-8/dist=squared_dist/meaning_certainty=-3/dynamics=replicator_diffusion/ii=0/discr_need=1.0/population_init=-8/population_size=None/num_runs=1/seed=42/encoder_tile_plots/nearest_opt_1.png
Saved a plot to /dfs6/pub/nimel/projects/ibsg/multirun/universe=100/num_signals=100/prior=-8/dist=squared_dist/meaning_certainty=-3/dynamics=replicator_diffusion/ii=0/discr_need=1.0/population_init=-8/population_size=None/num_runs=1/seed=42/encoder_line_plots/nearest_opt_1.png
Saved a plot to /dfs6/pub/nimel/projects/ibsg/multirun/universe=100/num_signals=100/prior=-8/dist=squared_dist/meaning_certainty=-3/dynamics=replicator_diffusion/ii=0/discr_need=1.0/population_init=-8/population_size=None/num_runs=1/seed=42/efficiency.png
[2023-10-03 12:30:32,977][HYDRA] 	#1 : game.universe=100 game.num_signals=100 game.meaning_dist_gamma=-2
Saved a plot to /dfs6/pub/nimel/projects/ibsg/multirun/universe=100/num_signals=100/prior=-8/dist=squared_dist/meaning_certainty=-2/dynamics=replicator_diffusion/ii=0/discr_need=1.0/population_init=-8/population_size=None/num_runs=1/seed=42/complexity_accuracy.png
[2023-10-03 12:30:34,303][matplotlib.mathtext][INFO] - Substituting symbol E from STIXNonUnicode
[2023-10-03 12:30:34,406][matplotlib.mathtext][INFO] - Substituting symbol E from STIXNonUnicode
Saved a plot to /dfs6/pub/nimel/projects/ibsg/multirun/universe=100/num_signals=100/prior=-8/dist=squared_dist/meaning_certainty=-2/dynamics=replicator_diffusion/ii=0/discr_need=1.0/population_init=-8/population_size=None/num_runs=1/seed=42/complexity_distortion.png
[2023-10-03 12:30:35,110][matplotlib.mathtext][INFO] - Substituting symbol E from STIXNonUnicode
[2023-10-03 12:30:35,201][matplotlib.mathtext][INFO] - Substituting symbol E from STIXNonUnicode
Saved a plot to /dfs6/pub/nimel/projects/ibsg/multirun/universe=100/num_signals=100/prior=-8/dist=squared_dist/meaning_certainty=-2/dynamics=replicator_diffusion/ii=0/discr_need=1.0/population_init=-8/population_size=None/num_runs=1/seed=42/complexity_mse.png
Saved a plot to /dfs6/pub/nimel/projects/ibsg/multirun/universe=100/num_signals=100/prior=-8/dist=squared_dist/meaning_certainty=-2/dynamics=replicator_diffusion/ii=0/discr_need=1.0/population_init=-8/population_size=None/num_runs=1/seed=42/encoder_tile_plots/run_1.png
Saved a plot to /dfs6/pub/nimel/projects/ibsg/multirun/universe=100/num_signals=100/prior=-8/dist=squared_dist/meaning_certainty=-2/dynamics=replicator_diffusion/ii=0/discr_need=1.0/population_init=-8/population_size=None/num_runs=1/seed=42/encoder_line_plots/run_1.png
Saved a plot to /dfs6/pub/nimel/projects/ibsg/multirun/universe=100/num_signals=100/prior=-8/dist=squared_dist/meaning_certainty=-2/dynamics=replicator_diffusion/ii=0/discr_need=1.0/population_init=-8/population_size=None/num_runs=1/seed=42/encoder_tile_plots/nearest_opt_1.png
Saved a plot to /dfs6/pub/nimel/projects/ibsg/multirun/universe=100/num_signals=100/prior=-8/dist=squared_dist/meaning_certainty=-2/dynamics=replicator_diffusion/ii=0/discr_need=1.0/population_init=-8/population_size=None/num_runs=1/seed=42/encoder_line_plots/nearest_opt_1.png
Saved a plot to /dfs6/pub/nimel/projects/ibsg/multirun/universe=100/num_signals=100/prior=-8/dist=squared_dist/meaning_certainty=-2/dynamics=replicator_diffusion/ii=0/discr_need=1.0/population_init=-8/population_size=None/num_runs=1/seed=42/efficiency.png
[2023-10-03 12:30:47,113][HYDRA] 	#2 : game.universe=100 game.num_signals=100 game.meaning_dist_gamma=-1
Saved a plot to /dfs6/pub/nimel/projects/ibsg/multirun/universe=100/num_signals=100/prior=-8/dist=squared_dist/meaning_certainty=-1/dynamics=replicator_diffusion/ii=0/discr_need=1.0/population_init=-8/population_size=None/num_runs=1/seed=42/complexity_accuracy.png
[2023-10-03 12:30:48,482][matplotlib.mathtext][INFO] - Substituting symbol E from STIXNonUnicode
[2023-10-03 12:30:48,581][matplotlib.mathtext][INFO] - Substituting symbol E from STIXNonUnicode
Saved a plot to /dfs6/pub/nimel/projects/ibsg/multirun/universe=100/num_signals=100/prior=-8/dist=squared_dist/meaning_certainty=-1/dynamics=replicator_diffusion/ii=0/discr_need=1.0/population_init=-8/population_size=None/num_runs=1/seed=42/complexity_distortion.png
[2023-10-03 12:30:49,260][matplotlib.mathtext][INFO] - Substituting symbol E from STIXNonUnicode
[2023-10-03 12:30:49,349][matplotlib.mathtext][INFO] - Substituting symbol E from STIXNonUnicode
Saved a plot to /dfs6/pub/nimel/projects/ibsg/multirun/universe=100/num_signals=100/prior=-8/dist=squared_dist/meaning_certainty=-1/dynamics=replicator_diffusion/ii=0/discr_need=1.0/population_init=-8/population_size=None/num_runs=1/seed=42/complexity_mse.png
Saved a plot to /dfs6/pub/nimel/projects/ibsg/multirun/universe=100/num_signals=100/prior=-8/dist=squared_dist/meaning_certainty=-1/dynamics=replicator_diffusion/ii=0/discr_need=1.0/population_init=-8/population_size=None/num_runs=1/seed=42/encoder_tile_plots/run_1.png
Saved a plot to /dfs6/pub/nimel/projects/ibsg/multirun/universe=100/num_signals=100/prior=-8/dist=squared_dist/meaning_certainty=-1/dynamics=replicator_diffusion/ii=0/discr_need=1.0/population_init=-8/population_size=None/num_runs=1/seed=42/encoder_line_plots/run_1.png
Saved a plot to /dfs6/pub/nimel/projects/ibsg/multirun/universe=100/num_signals=100/prior=-8/dist=squared_dist/meaning_certainty=-1/dynamics=replicator_diffusion/ii=0/discr_need=1.0/population_init=-8/population_size=None/num_runs=1/seed=42/encoder_tile_plots/nearest_opt_1.png
Saved a plot to /dfs6/pub/nimel/projects/ibsg/multirun/universe=100/num_signals=100/prior=-8/dist=squared_dist/meaning_certainty=-1/dynamics=replicator_diffusion/ii=0/discr_need=1.0/population_init=-8/population_size=None/num_runs=1/seed=42/encoder_line_plots/nearest_opt_1.png
Saved a plot to /dfs6/pub/nimel/projects/ibsg/multirun/universe=100/num_signals=100/prior=-8/dist=squared_dist/meaning_certainty=-1/dynamics=replicator_diffusion/ii=0/discr_need=1.0/population_init=-8/population_size=None/num_runs=1/seed=42/efficiency.png
[2023-10-03 12:31:01,143][HYDRA] 	#3 : game.universe=100 game.num_signals=100 game.meaning_dist_gamma=0
Saved a plot to /dfs6/pub/nimel/projects/ibsg/multirun/universe=100/num_signals=100/prior=-8/dist=squared_dist/meaning_certainty=0/dynamics=replicator_diffusion/ii=0/discr_need=1.0/population_init=-8/population_size=None/num_runs=1/seed=42/complexity_accuracy.png
[2023-10-03 12:31:02,622][matplotlib.mathtext][INFO] - Substituting symbol E from STIXNonUnicode
[2023-10-03 12:31:02,713][matplotlib.mathtext][INFO] - Substituting symbol E from STIXNonUnicode
Saved a plot to /dfs6/pub/nimel/projects/ibsg/multirun/universe=100/num_signals=100/prior=-8/dist=squared_dist/meaning_certainty=0/dynamics=replicator_diffusion/ii=0/discr_need=1.0/population_init=-8/population_size=None/num_runs=1/seed=42/complexity_distortion.png
[2023-10-03 12:31:03,363][matplotlib.mathtext][INFO] - Substituting symbol E from STIXNonUnicode
[2023-10-03 12:31:03,452][matplotlib.mathtext][INFO] - Substituting symbol E from STIXNonUnicode
Saved a plot to /dfs6/pub/nimel/projects/ibsg/multirun/universe=100/num_signals=100/prior=-8/dist=squared_dist/meaning_certainty=0/dynamics=replicator_diffusion/ii=0/discr_need=1.0/population_init=-8/population_size=None/num_runs=1/seed=42/complexity_mse.png
Saved a plot to /dfs6/pub/nimel/projects/ibsg/multirun/universe=100/num_signals=100/prior=-8/dist=squared_dist/meaning_certainty=0/dynamics=replicator_diffusion/ii=0/discr_need=1.0/population_init=-8/population_size=None/num_runs=1/seed=42/encoder_tile_plots/run_1.png
Saved a plot to /dfs6/pub/nimel/projects/ibsg/multirun/universe=100/num_signals=100/prior=-8/dist=squared_dist/meaning_certainty=0/dynamics=replicator_diffusion/ii=0/discr_need=1.0/population_init=-8/population_size=None/num_runs=1/seed=42/encoder_line_plots/run_1.png
Saved a plot to /dfs6/pub/nimel/projects/ibsg/multirun/universe=100/num_signals=100/prior=-8/dist=squared_dist/meaning_certainty=0/dynamics=replicator_diffusion/ii=0/discr_need=1.0/population_init=-8/population_size=None/num_runs=1/seed=42/efficiency.png
[2023-10-03 12:31:09,833][HYDRA] 	#4 : game.universe=100 game.num_signals=100 game.meaning_dist_gamma=1
Saved a plot to /dfs6/pub/nimel/projects/ibsg/multirun/universe=100/num_signals=100/prior=-8/dist=squared_dist/meaning_certainty=1/dynamics=replicator_diffusion/ii=0/discr_need=1.0/population_init=-8/population_size=None/num_runs=1/seed=42/complexity_accuracy.png
[2023-10-03 12:31:10,995][matplotlib.mathtext][INFO] - Substituting symbol E from STIXNonUnicode
[2023-10-03 12:31:11,085][matplotlib.mathtext][INFO] - Substituting symbol E from STIXNonUnicode
Saved a plot to /dfs6/pub/nimel/projects/ibsg/multirun/universe=100/num_signals=100/prior=-8/dist=squared_dist/meaning_certainty=1/dynamics=replicator_diffusion/ii=0/discr_need=1.0/population_init=-8/population_size=None/num_runs=1/seed=42/complexity_distortion.png
[2023-10-03 12:31:11,753][matplotlib.mathtext][INFO] - Substituting symbol E from STIXNonUnicode
[2023-10-03 12:31:11,841][matplotlib.mathtext][INFO] - Substituting symbol E from STIXNonUnicode
Saved a plot to /dfs6/pub/nimel/projects/ibsg/multirun/universe=100/num_signals=100/prior=-8/dist=squared_dist/meaning_certainty=1/dynamics=replicator_diffusion/ii=0/discr_need=1.0/population_init=-8/population_size=None/num_runs=1/seed=42/complexity_mse.png
Saved a plot to /dfs6/pub/nimel/projects/ibsg/multirun/universe=100/num_signals=100/prior=-8/dist=squared_dist/meaning_certainty=1/dynamics=replicator_diffusion/ii=0/discr_need=1.0/population_init=-8/population_size=None/num_runs=1/seed=42/encoder_tile_plots/run_1.png
Saved a plot to /dfs6/pub/nimel/projects/ibsg/multirun/universe=100/num_signals=100/prior=-8/dist=squared_dist/meaning_certainty=1/dynamics=replicator_diffusion/ii=0/discr_need=1.0/population_init=-8/population_size=None/num_runs=1/seed=42/encoder_line_plots/run_1.png
Saved a plot to /dfs6/pub/nimel/projects/ibsg/multirun/universe=100/num_signals=100/prior=-8/dist=squared_dist/meaning_certainty=1/dynamics=replicator_diffusion/ii=0/discr_need=1.0/population_init=-8/population_size=None/num_runs=1/seed=42/encoder_tile_plots/nearest_opt_1.png
Saved a plot to /dfs6/pub/nimel/projects/ibsg/multirun/universe=100/num_signals=100/prior=-8/dist=squared_dist/meaning_certainty=1/dynamics=replicator_diffusion/ii=0/discr_need=1.0/population_init=-8/population_size=None/num_runs=1/seed=42/encoder_line_plots/nearest_opt_1.png
Saved a plot to /dfs6/pub/nimel/projects/ibsg/multirun/universe=100/num_signals=100/prior=-8/dist=squared_dist/meaning_certainty=1/dynamics=replicator_diffusion/ii=0/discr_need=1.0/population_init=-8/population_size=None/num_runs=1/seed=42/efficiency.png
[2023-10-03 12:31:23,774][HYDRA] 	#5 : game.universe=100 game.num_signals=100 game.meaning_dist_gamma=2
Saved a plot to /dfs6/pub/nimel/projects/ibsg/multirun/universe=100/num_signals=100/prior=-8/dist=squared_dist/meaning_certainty=2/dynamics=replicator_diffusion/ii=0/discr_need=1.0/population_init=-8/population_size=None/num_runs=1/seed=42/complexity_accuracy.png
[2023-10-03 12:31:25,159][matplotlib.mathtext][INFO] - Substituting symbol E from STIXNonUnicode
[2023-10-03 12:31:25,248][matplotlib.mathtext][INFO] - Substituting symbol E from STIXNonUnicode
Saved a plot to /dfs6/pub/nimel/projects/ibsg/multirun/universe=100/num_signals=100/prior=-8/dist=squared_dist/meaning_certainty=2/dynamics=replicator_diffusion/ii=0/discr_need=1.0/population_init=-8/population_size=None/num_runs=1/seed=42/complexity_distortion.png
[2023-10-03 12:31:25,833][matplotlib.mathtext][INFO] - Substituting symbol E from STIXNonUnicode
[2023-10-03 12:31:25,920][matplotlib.mathtext][INFO] - Substituting symbol E from STIXNonUnicode
Saved a plot to /dfs6/pub/nimel/projects/ibsg/multirun/universe=100/num_signals=100/prior=-8/dist=squared_dist/meaning_certainty=2/dynamics=replicator_diffusion/ii=0/discr_need=1.0/population_init=-8/population_size=None/num_runs=1/seed=42/complexity_mse.png
Saved a plot to /dfs6/pub/nimel/projects/ibsg/multirun/universe=100/num_signals=100/prior=-8/dist=squared_dist/meaning_certainty=2/dynamics=replicator_diffusion/ii=0/discr_need=1.0/population_init=-8/population_size=None/num_runs=1/seed=42/encoder_tile_plots/run_1.png
Saved a plot to /dfs6/pub/nimel/projects/ibsg/multirun/universe=100/num_signals=100/prior=-8/dist=squared_dist/meaning_certainty=2/dynamics=replicator_diffusion/ii=0/discr_need=1.0/population_init=-8/population_size=None/num_runs=1/seed=42/encoder_line_plots/run_1.png
Saved a plot to /dfs6/pub/nimel/projects/ibsg/multirun/universe=100/num_signals=100/prior=-8/dist=squared_dist/meaning_certainty=2/dynamics=replicator_diffusion/ii=0/discr_need=1.0/population_init=-8/population_size=None/num_runs=1/seed=42/encoder_tile_plots/nearest_opt_1.png
Saved a plot to /dfs6/pub/nimel/projects/ibsg/multirun/universe=100/num_signals=100/prior=-8/dist=squared_dist/meaning_certainty=2/dynamics=replicator_diffusion/ii=0/discr_need=1.0/population_init=-8/population_size=None/num_runs=1/seed=42/encoder_line_plots/nearest_opt_1.png
Saved a plot to /dfs6/pub/nimel/projects/ibsg/multirun/universe=100/num_signals=100/prior=-8/dist=squared_dist/meaning_certainty=2/dynamics=replicator_diffusion/ii=0/discr_need=1.0/population_init=-8/population_size=None/num_runs=1/seed=42/efficiency.png
python src/get_all_data.py analysis_data/all_data.csv
collecting all simulation data from multirun.
collecting all curve data from multirun.
Saved a dataframe to analysis_data/all_data.csv
